c:\users\kexueyangzhu\documents\github\dx12toy\dx12toy\dx12toy\x64\debug\vc142.pdb
c:\users\kexueyangzhu\documents\github\dx12toy\dx12toy\dx12toy\x64\debug\vc142.idb
c:\users\kexueyangzhu\documents\github\dx12toy\dx12toy\dx12toy\x64\debug\main.obj
d:\github\dx12toy\dx12toy\dx12toy\x64\debug\vc142.pdb
d:\github\dx12toy\dx12toy\dx12toy\x64\debug\vc142.idb
d:\github\dx12toy\dx12toy\dx12toy\x64\debug\main.obj
c:\users\kexueyangzhu\documents\github\dx12toy\dx12toy\x64\debug\dx12toy.exe
c:\users\kexueyangzhu\documents\github\dx12toy\dx12toy\x64\debug\dx12toy.ilk
c:\users\kexueyangzhu\documents\github\dx12toy\dx12toy\x64\debug\dx12toy.pdb
d:\github\dx12toy\dx12toy\x64\debug\dx12toy.pdb
d:\github\dx12toy\dx12toy\dx12toy\x64\debug\dx12toy.tlog\cl.command.1.tlog
d:\github\dx12toy\dx12toy\dx12toy\x64\debug\dx12toy.tlog\cl.read.1.tlog
d:\github\dx12toy\dx12toy\dx12toy\x64\debug\dx12toy.tlog\cl.write.1.tlog
d:\github\dx12toy\dx12toy\dx12toy\x64\debug\dx12toy.tlog\link-cvtres.read.1.tlog
d:\github\dx12toy\dx12toy\dx12toy\x64\debug\dx12toy.tlog\link-cvtres.write.1.tlog
d:\github\dx12toy\dx12toy\dx12toy\x64\debug\dx12toy.tlog\link-rc.read.1.tlog
d:\github\dx12toy\dx12toy\dx12toy\x64\debug\dx12toy.tlog\link-rc.write.1.tlog
d:\github\dx12toy\dx12toy\dx12toy\x64\debug\dx12toy.tlog\link.command.1.tlog
d:\github\dx12toy\dx12toy\dx12toy\x64\debug\dx12toy.tlog\link.read.1.tlog
d:\github\dx12toy\dx12toy\dx12toy\x64\debug\dx12toy.tlog\link.write.1.tlog
